<?xml version="1.0" encoding="UTF-8"?>
<!-- Generated by org.testng.reporters.JUnitReportReporter -->
<testsuite hostname="KRUSHNAs-MacBook-Air.local" name="com.org.testcases.Testcases" tests="1" failures="0" timestamp="9 Dec 2017 05:35:05 GMT" time="0.059" errors="0">
  <testcase name="tst" time="0.059" classname="com.org.testcases.Testcases"/>
</testsuite> <!-- com.org.testcases.Testcases -->
