<?xml version="1.0" encoding="UTF-8"?>
<!-- Generated by org.testng.reporters.JUnitReportReporter -->
<testsuite hostname="KRUSHNAs-MacBook-Air.local" name="com.org.testcases.Testclass" tests="1" failures="0" timestamp="9 Dec 2017 07:56:56 GMT" time="18.867" errors="0">
  <testcase name="TC_01" time="18.867" classname="com.org.testcases.Testclass"/>
</testsuite> <!-- com.org.testcases.Testclass -->
